<?xml version="1.0" encoding="UTF-8"?>
<!-- Generated by org.testng.reporters.JUnitXMLReporter -->
<testsuite ignored="2" hostname="USBLRASARAVIND3" failures="0" tests="2" name="ChromeTest" time="40.045" errors="0" timestamp="2025-12-27T17:00:21 IST">
  <testcase classname="testscript.LoginTest" name="verifyuserisunabletologinusingvalidusernameandinvalidpassword" time="1.874"/>
  <testcase classname="testscript.LoginTest" name="verifyuserisunabletologinusinginvalidusernameandinvalidpassword" time="0.602"/>
  <testcase classname="testscript.LoginTest" name="verifyuserisunabletologinusinginvalidusernameandvalidpassword" time="0.0">
    <ignored/>
  </testcase> <!-- verifyuserisunabletologinusinginvalidusernameandvalidpassword -->
  <testcase classname="testscript.LoginTest" name="verifyuserisabletologinusingvalidcredentials" time="0.0">
    <ignored/>
  </testcase> <!-- verifyuserisabletologinusingvalidcredentials -->
</testsuite> <!-- ChromeTest -->
