<?xml version="1.0" encoding="UTF-8"?>
<!-- Generated by org.testng.reporters.JUnitXMLReporter -->
<testsuite ignored="2" hostname="USBLRASARAVIND3" failures="0" tests="2" name="EdgeTest" time="0.66" errors="0" timestamp="2025-12-27T16:58:16 IST">
  <testcase classname="testscript.LoginTest" name="verifyuserisunabletologinusingvalidusernameandinvalidpassword" time="0.001">
    <skipped/>
  </testcase> <!-- verifyuserisunabletologinusingvalidusernameandinvalidpassword -->
  <testcase classname="testscript.LoginTest" name="verifyuserisunabletologinusinginvalidusernameandinvalidpassword" time="0.001">
    <skipped/>
  </testcase> <!-- verifyuserisunabletologinusinginvalidusernameandinvalidpassword -->
  <testcase classname="testscript.LoginTest" name="verifyuserisabletologinusingvalidcredentials" time="0.0">
    <ignored/>
  </testcase> <!-- verifyuserisabletologinusingvalidcredentials -->
  <testcase classname="testscript.LoginTest" name="verifyuserisunabletologinusinginvalidusernameandvalidpassword" time="0.0">
    <ignored/>
  </testcase> <!-- verifyuserisunabletologinusinginvalidusernameandvalidpassword -->
</testsuite> <!-- EdgeTest -->
