<?xml version="1.0" encoding="UTF-8"?>
<!-- Generated by org.testng.reporters.JUnitXMLReporter -->
<testsuite ignored="2" hostname="USBLRASARAVIND3" failures="0" tests="2" name="FirefoxTest" time="74.354" errors="0" timestamp="2025-12-27T17:01:36 IST">
  <testcase classname="testscript.LoginTest" name="verifyuserisunabletologinusingvalidusernameandinvalidpassword" time="0.52"/>
  <testcase classname="testscript.LoginTest" name="verifyuserisunabletologinusinginvalidusernameandinvalidpassword" time="1.067"/>
  <testcase classname="testscript.LoginTest" name="verifyuserisabletologinusingvalidcredentials" time="0.0">
    <ignored/>
  </testcase> <!-- verifyuserisabletologinusingvalidcredentials -->
  <testcase classname="testscript.LoginTest" name="verifyuserisunabletologinusinginvalidusernameandvalidpassword" time="0.0">
    <ignored/>
  </testcase> <!-- verifyuserisunabletologinusinginvalidusernameandvalidpassword -->
</testsuite> <!-- FirefoxTest -->
