<?xml version="1.0" encoding="UTF-8"?>
<!-- Generated by org.testng.reporters.JUnitXMLReporter -->
<testsuite ignored="3" hostname="USBLRASARAVIND3" failures="0" tests="1" name="Default test" time="21.306" errors="0" timestamp="2025-12-24T11:26:16 IST">
  <testcase classname="testscript.LoginTest" name="verifyuserisunabletologinusinginvalidusernameandinvalidpassword" time="1.4"/>
  <testcase classname="testscript.LoginTest" name="verifyuserisabletologinusingvalidcredentials" time="0.0">
    <ignored/>
  </testcase> <!-- verifyuserisabletologinusingvalidcredentials -->
  <testcase classname="testscript.LoginTest" name="verifyuserisunabletologinusinginvalidusernameandvalidpassword" time="0.0">
    <ignored/>
  </testcase> <!-- verifyuserisunabletologinusinginvalidusernameandvalidpassword -->
  <testcase classname="testscript.LoginTest" name="verifyuserisunabletologinusingvalidusernameandinvalidpassword" time="0.0">
    <ignored/>
  </testcase> <!-- verifyuserisunabletologinusingvalidusernameandinvalidpassword -->
</testsuite> <!-- Default test -->
