<?xml version="1.0" encoding="UTF-8"?>
<testng-results ignored="0" total="2" passed="2" failed="0" skipped="0">
  <reporter-output>
  </reporter-output>
  <suite started-at="2026-01-02T11:04:38 IST" name="Suite" finished-at="2026-01-02T11:05:13 IST" duration-ms="35025">
    <groups>
    </groups>
    <test started-at="2026-01-02T11:04:38 IST" name="Test" finished-at="2026-01-02T11:05:13 IST" duration-ms="35025">
      <class name="testscript.LoginTest">
        <test-method is-config="true" signature="browserInitialization(java.lang.String)[pri:0, instance:testscript.LoginTest@5db6b9cd]" started-at="2026-01-02T11:04:38 IST" name="browserInitialization" finished-at="2026-01-02T11:04:57 IST" duration-ms="18663" status="PASS">
          <params>
            <param index="0">
              <value>
                <![CDATA[chrome]]>
              </value>
            </param>
          </params>
          <reporter-output>
          </reporter-output>
        </test-method> <!-- browserInitialization -->
        <test-method signature="verifyuserisunabletologinusingvalidusernameandinvalidpassword()[pri:3, instance:testscript.LoginTest@5db6b9cd]" started-at="2026-01-02T11:04:57 IST" name="verifyuserisunabletologinusingvalidusernameandinvalidpassword" finished-at="2026-01-02T11:04:59 IST" duration-ms="1598" status="PASS">
          <reporter-output>
          </reporter-output>
        </test-method> <!-- verifyuserisunabletologinusingvalidusernameandinvalidpassword -->
        <test-method is-config="true" signature="browserClose()[pri:0, instance:testscript.LoginTest@5db6b9cd]" started-at="2026-01-02T11:04:59 IST" name="browserClose" finished-at="2026-01-02T11:04:59 IST" duration-ms="436" status="PASS">
          <reporter-output>
          </reporter-output>
        </test-method> <!-- browserClose -->
        <test-method is-config="true" signature="browserInitialization(java.lang.String)[pri:0, instance:testscript.LoginTest@5db6b9cd]" started-at="2026-01-02T11:04:59 IST" name="browserInitialization" finished-at="2026-01-02T11:05:12 IST" duration-ms="12784" status="PASS">
          <params>
            <param index="0">
              <value>
                <![CDATA[chrome]]>
              </value>
            </param>
          </params>
          <reporter-output>
          </reporter-output>
        </test-method> <!-- browserInitialization -->
        <test-method signature="verifyuserisunabletologinusinginvalidusernameandinvalidpassword()[pri:4, instance:testscript.LoginTest@5db6b9cd]" started-at="2026-01-02T11:05:12 IST" name="verifyuserisunabletologinusinginvalidusernameandinvalidpassword" finished-at="2026-01-02T11:05:13 IST" duration-ms="1060" status="PASS">
          <reporter-output>
          </reporter-output>
        </test-method> <!-- verifyuserisunabletologinusinginvalidusernameandinvalidpassword -->
        <test-method is-config="true" signature="browserClose()[pri:0, instance:testscript.LoginTest@5db6b9cd]" started-at="2026-01-02T11:05:13 IST" name="browserClose" finished-at="2026-01-02T11:05:13 IST" duration-ms="430" status="PASS">
          <reporter-output>
          </reporter-output>
        </test-method> <!-- browserClose -->
      </class> <!-- testscript.LoginTest -->
    </test> <!-- Test -->
  </suite> <!-- Suite -->
</testng-results>
