<?xml version="1.0" encoding="UTF-8"?>
<testng-results ignored="0" total="4" passed="3" failed="1" skipped="0">
  <reporter-output>
  </reporter-output>
  <suite started-at="2025-12-19T12:10:31 IST" name="Default suite" finished-at="2025-12-19T12:12:46 IST" duration-ms="135564">
    <groups>
    </groups>
    <test started-at="2025-12-19T12:10:31 IST" name="Default test" finished-at="2025-12-19T12:12:46 IST" duration-ms="135564">
      <class name="testscript.LoginTest">
        <test-method is-config="true" signature="browserInitialization()[pri:0, instance:testscript.LoginTest@42a48628]" started-at="2025-12-19T12:10:31 IST" name="browserInitialization" finished-at="2025-12-19T12:10:40 IST" duration-ms="8916" status="PASS">
          <reporter-output>
          </reporter-output>
        </test-method> <!-- browserInitialization -->
        <test-method signature="verifyuserisabletologinusingvalidcredentials()[pri:1, instance:testscript.LoginTest@42a48628]" started-at="2025-12-19T12:10:40 IST" name="verifyuserisabletologinusingvalidcredentials" finished-at="2025-12-19T12:10:42 IST" duration-ms="2086" status="PASS">
          <reporter-output>
          </reporter-output>
        </test-method> <!-- verifyuserisabletologinusingvalidcredentials -->
        <test-method is-config="true" signature="browserInitialization()[pri:0, instance:testscript.LoginTest@42a48628]" started-at="2025-12-19T12:10:42 IST" name="browserInitialization" finished-at="2025-12-19T12:11:25 IST" duration-ms="42876" status="PASS">
          <reporter-output>
          </reporter-output>
        </test-method> <!-- browserInitialization -->
        <test-method signature="verifyuserisunabletologinusinginvalidusernameandvalidpassword()[pri:2, instance:testscript.LoginTest@42a48628]" started-at="2025-12-19T12:11:25 IST" name="verifyuserisunabletologinusinginvalidusernameandvalidpassword" finished-at="2025-12-19T12:11:29 IST" duration-ms="4354" status="PASS">
          <reporter-output>
          </reporter-output>
        </test-method> <!-- verifyuserisunabletologinusinginvalidusernameandvalidpassword -->
        <test-method is-config="true" signature="browserInitialization()[pri:0, instance:testscript.LoginTest@42a48628]" started-at="2025-12-19T12:11:29 IST" name="browserInitialization" finished-at="2025-12-19T12:12:01 IST" duration-ms="31616" status="PASS">
          <reporter-output>
          </reporter-output>
        </test-method> <!-- browserInitialization -->
        <test-method signature="verifyuserisunabletologinusingvalidusernameandinvalidpassword()[pri:3, instance:testscript.LoginTest@42a48628]" started-at="2025-12-19T12:12:01 IST" name="verifyuserisunabletologinusingvalidusernameandinvalidpassword" finished-at="2025-12-19T12:12:02 IST" duration-ms="1422" status="PASS">
          <reporter-output>
          </reporter-output>
        </test-method> <!-- verifyuserisunabletologinusingvalidusernameandinvalidpassword -->
        <test-method is-config="true" signature="browserInitialization()[pri:0, instance:testscript.LoginTest@42a48628]" started-at="2025-12-19T12:12:02 IST" name="browserInitialization" finished-at="2025-12-19T12:12:43 IST" duration-ms="41233" status="PASS">
          <reporter-output>
          </reporter-output>
        </test-method> <!-- browserInitialization -->
        <test-method signature="verifyuserisunabletologinusinginvalidusernameandinvalidpassword()[pri:4, instance:testscript.LoginTest@42a48628]" started-at="2025-12-19T12:12:43 IST" name="verifyuserisunabletologinusinginvalidusernameandinvalidpassword" finished-at="2025-12-19T12:12:46 IST" duration-ms="3001" status="FAIL">
          <exception class="org.openqa.selenium.NoSuchElementException">
            <message>
              <![CDATA[Unable to find element with locator By.xpath: //div[contains(@class,'alert-dismissible')]
For documentation on this error, please visit: https://www.selenium.dev/documentation/webdriver/troubleshooting/errors#no-such-element-exception
Build info: version: '4.34.0', revision: '707dcb4246*'
System info: os.name: 'Windows 11', os.arch: 'amd64', os.version: '10.0', java.version: '21.0.8'
Driver info: driver.version: RemoteWebDriver]]>
            </message>
            <full-stacktrace>
              <![CDATA[org.openqa.selenium.NoSuchElementException: Unable to find element with locator By.xpath: //div[contains(@class,'alert-dismissible')]
For documentation on this error, please visit: https://www.selenium.dev/documentation/webdriver/troubleshooting/errors#no-such-element-exception
Build info: version: '4.34.0', revision: '707dcb4246*'
System info: os.name: 'Windows 11', os.arch: 'amd64', os.version: '10.0', java.version: '21.0.8'
Driver info: driver.version: RemoteWebDriver
at org.openqa.selenium.remote.ElementLocation$ElementFinder$2.findElement(ElementLocation.java:168)
at org.openqa.selenium.remote.ElementLocation.findElement(ElementLocation.java:59)
at org.openqa.selenium.remote.RemoteWebDriver.findElement(RemoteWebDriver.java:367)
at org.openqa.selenium.remote.RemoteWebDriver.findElement(RemoteWebDriver.java:361)
at org.openqa.selenium.support.pagefactory.DefaultElementLocator.findElement(DefaultElementLocator.java:68)
at org.openqa.selenium.support.pagefactory.internal.LocatingElementHandler.invoke(LocatingElementHandler.java:38)
at jdk.proxy2/jdk.proxy2.$Proxy11.isDisplayed(Unknown Source)
at pages.LoginPage.isAlertDisplayed(LoginPage.java:48)
at testscript.LoginTest.verifyuserisunabletologinusinginvalidusernameandinvalidpassword(LoginTest.java:63)
at java.base/jdk.internal.reflect.DirectMethodHandleAccessor.invoke(DirectMethodHandleAccessor.java:103)
at java.base/java.lang.reflect.Method.invoke(Method.java:580)
at org.testng.internal.invokers.MethodInvocationHelper.invokeMethod(MethodInvocationHelper.java:141)
at org.testng.internal.invokers.TestInvoker.invokeMethod(TestInvoker.java:686)
at org.testng.internal.invokers.TestInvoker.invokeTestMethod(TestInvoker.java:230)
at org.testng.internal.invokers.MethodRunner.runInSequence(MethodRunner.java:63)
at org.testng.internal.invokers.TestInvoker$MethodInvocationAgent.invoke(TestInvoker.java:992)
at org.testng.internal.invokers.TestInvoker.invokeTestMethods(TestInvoker.java:203)
at org.testng.internal.invokers.TestMethodWorker.invokeTestMethods(TestMethodWorker.java:154)
at org.testng.internal.invokers.TestMethodWorker.run(TestMethodWorker.java:134)
at java.base/java.util.ArrayList.forEach(ArrayList.java:1596)
at org.testng.TestRunner.privateRun(TestRunner.java:739)
at org.testng.TestRunner.run(TestRunner.java:614)
at org.testng.SuiteRunner.runTest(SuiteRunner.java:421)
at org.testng.SuiteRunner.runSequentially(SuiteRunner.java:413)
at org.testng.SuiteRunner.privateRun(SuiteRunner.java:373)
at org.testng.SuiteRunner.run(SuiteRunner.java:312)
at org.testng.SuiteRunnerWorker.runSuite(SuiteRunnerWorker.java:52)
at org.testng.SuiteRunnerWorker.run(SuiteRunnerWorker.java:95)
at org.testng.TestNG.runSuitesSequentially(TestNG.java:1274)
at org.testng.TestNG.runSuitesLocally(TestNG.java:1208)
at org.testng.TestNG.runSuites(TestNG.java:1112)
at org.testng.TestNG.run(TestNG.java:1079)
at org.testng.remote.AbstractRemoteTestNG.run(AbstractRemoteTestNG.java:115)
at org.testng.remote.RemoteTestNG.initAndRun(RemoteTestNG.java:293)
at org.testng.remote.RemoteTestNG.main(RemoteTestNG.java:91)
]]>
            </full-stacktrace>
          </exception> <!-- org.openqa.selenium.NoSuchElementException -->
          <reporter-output>
          </reporter-output>
        </test-method> <!-- verifyuserisunabletologinusinginvalidusernameandinvalidpassword -->
      </class> <!-- testscript.LoginTest -->
    </test> <!-- Default test -->
  </suite> <!-- Default suite -->
</testng-results>
