<?xml version="1.0" encoding="UTF-8"?>
<!-- Generated by org.testng.reporters.JUnitXMLReporter -->
<testsuite ignored="2" hostname="USBLRASARAVIND3" failures="0" tests="2" name="Test" time="35.025" errors="0" timestamp="2026-01-02T11:05:14 IST">
  <testcase classname="testscript.LoginTest" name="verifyuserisunabletologinusingvalidusernameandinvalidpassword" time="1.598"/>
  <testcase classname="testscript.LoginTest" name="verifyuserisunabletologinusinginvalidusernameandinvalidpassword" time="1.06"/>
  <testcase classname="testscript.LoginTest" name="verifyuserisunabletologinusinginvalidusernameandvalidpassword" time="0.0">
    <ignored/>
  </testcase> <!-- verifyuserisunabletologinusinginvalidusernameandvalidpassword -->
  <testcase classname="testscript.LoginTest" name="verifyuserisabletologinusingvalidcredentials" time="0.0">
    <ignored/>
  </testcase> <!-- verifyuserisabletologinusingvalidcredentials -->
</testsuite> <!-- Test -->
