<?xml version="1.0" encoding="UTF-8"?>
<!-- Generated by org.testng.reporters.JUnitReportReporter -->
<testsuite hostname="USBLRASARAVIND3" failures="0" tests="2" name="testscript.LoginTest" time="34.971" errors="0" timestamp="2026-01-02T11:05:14 IST" skipped="0">
  <testcase classname="testscript.LoginTest" name="verifyuserisunabletologinusingvalidusernameandinvalidpassword" time="20.697"/>
  <testcase classname="testscript.LoginTest" name="verifyuserisunabletologinusinginvalidusernameandinvalidpassword" time="14.274"/>
</testsuite> <!-- testscript.LoginTest -->
